Unity Editor version:    2020.3.25f1 (9b9180224418)
Branch:                  2020.3/staging
Build type:              Release
Batch mode:              YES
macOS version:           Version 11.6 (Build 20G165)
Darwin version:          20.6.0
Architecture:            x86_64
Running under Rosetta:   NO
Available memory:        8192 MB
Using pre-set license
Pro License: NO

COMMAND LINE ARGUMENTS:
/Applications/Unity/Hub/Editor/2020.3.25f1/Unity.app/Contents/MacOS/Unity
-adb2
-batchMode
-noUpm
-name
AssetImportWorker0
-projectPath
/Users/megsummers/Desktop/CART 315 hub/Iterative-Prototype/MSummers-Iterative_prototype
-logFile
Logs/AssetImportWorker0.log
-srvPort
49856
Successfully changed project path to: /Users/megsummers/Desktop/CART 315 hub/Iterative-Prototype/MSummers-Iterative_prototype
/Users/megsummers/Desktop/CART 315 hub/Iterative-Prototype/MSummers-Iterative_prototype
Using Asset Import Pipeline V2.
Refreshing native plugins compatible for Editor in 225.56 ms, found 2 plugins.
Preloading 0 native plugins for Editor in 0.00 ms.
Initialize engine version: 2020.3.25f1 (9b9180224418)
[Subsystems] Discovering subsystems at path /Applications/Unity/Hub/Editor/2020.3.25f1/Unity.app/Contents/Resources/UnitySubsystems
[Subsystems] Discovering subsystems at path /Users/megsummers/Desktop/CART 315 hub/Iterative-Prototype/MSummers-Iterative_prototype/Assets
GfxDevice: creating device client; threaded=0
2022-04-05 11:10:26.658 Unity[5639:427473] Color LCD preferred device: Intel(R) Iris(TM) Plus Graphics 645 (low power)
2022-04-05 11:10:26.658 Unity[5639:427473] Metal devices available: 1
2022-04-05 11:10:26.658 Unity[5639:427473] 0: Intel(R) Iris(TM) Plus Graphics 645 (low power)
2022-04-05 11:10:26.658 Unity[5639:427473] Using device Intel(R) Iris(TM) Plus Graphics 645 (low power)
Initializing Metal device caps: Intel(R) Iris(TM) Plus Graphics 645
Initialize mono
Mono path[0] = '/Applications/Unity/Hub/Editor/2020.3.25f1/Unity.app/Contents/Managed'
Mono path[1] = '/Applications/Unity/Hub/Editor/2020.3.25f1/Unity.app/Contents/MonoBleedingEdge/lib/mono/unityjit'
Mono config path = '/Applications/Unity/Hub/Editor/2020.3.25f1/Unity.app/Contents/MonoBleedingEdge/etc'
Using monoOptions --debugger-agent=transport=dt_socket,embedding=1,server=y,suspend=n,address=127.0.0.1:56639
Begin MonoManager ReloadAssembly
Registering precompiled unity dll's ...
Register platform support module: /Applications/Unity/Hub/Editor/2020.3.25f1/Unity.app/Contents/PlaybackEngines/MacStandaloneSupport/UnityEditor.OSXStandalone.Extensions.dll
Registered in 0.004439 seconds.
Native extension for OSXStandalone target not found
Refreshing native plugins compatible for Editor in 54.05 ms, found 2 plugins.
Preloading 0 native plugins for Editor in 0.00 ms.
Mono: successfully reloaded assembly
- Completed reload, in  1.124 seconds
Domain Reload Profiling:
	ReloadAssembly (1124ms)
		BeginReloadAssembly (171ms)
			ExecutionOrderSort (0ms)
			DisableScriptedObjects (0ms)
			BackupInstance (0ms)
			ReleaseScriptingObjects (0ms)
			CreateAndSetChildDomain (2ms)
		EndReloadAssembly (777ms)
			LoadAssemblies (171ms)
			RebuildTransferFunctionScriptingTraits (4ms)
			SetupTypeCache (292ms)
			ReleaseScriptCaches (0ms)
			RebuildScriptCaches (49ms)
			SetupLoadedEditorAssemblies (288ms)
				LogAssemblyErrors (0ms)
				InitializePlatformSupportModulesInManaged (10ms)
				SetLoadedEditorAssemblies (0ms)
				RefreshPlugins (54ms)
				BeforeProcessingInitializeOnLoad (21ms)
				ProcessInitializeOnLoadAttributes (155ms)
				ProcessInitializeOnLoadMethodAttributes (48ms)
				AfterProcessingInitializeOnLoad (0ms)
				EditorAssembliesLoaded (0ms)
			ExecutionOrderSort2 (0ms)
			AwakeInstancesAfterBackupRestoration (0ms)
Platform modules already initialized, skipping
Registering precompiled user dll's ...
Registered in 0.010584 seconds.
Begin MonoManager ReloadAssembly
Native extension for OSXStandalone target not found
Refreshing native plugins compatible for Editor in 55.79 ms, found 2 plugins.
Preloading 0 native plugins for Editor in 0.00 ms.
Mono: successfully reloaded assembly
- Completed reload, in  1.691 seconds
Domain Reload Profiling:
	ReloadAssembly (1692ms)
		BeginReloadAssembly (204ms)
			ExecutionOrderSort (0ms)
			DisableScriptedObjects (6ms)
			BackupInstance (0ms)
			ReleaseScriptingObjects (0ms)
			CreateAndSetChildDomain (43ms)
		EndReloadAssembly (1404ms)
			LoadAssemblies (128ms)
			RebuildTransferFunctionScriptingTraits (0ms)
			SetupTypeCache (493ms)
			ReleaseScriptCaches (1ms)
			RebuildScriptCaches (87ms)
			SetupLoadedEditorAssemblies (539ms)
				LogAssemblyErrors (0ms)
				InitializePlatformSupportModulesInManaged (4ms)
				SetLoadedEditorAssemblies (0ms)
				RefreshPlugins (56ms)
				BeforeProcessingInitializeOnLoad (73ms)
				ProcessInitializeOnLoadAttributes (384ms)
				ProcessInitializeOnLoadMethodAttributes (20ms)
				AfterProcessingInitializeOnLoad (2ms)
				EditorAssembliesLoaded (1ms)
			ExecutionOrderSort2 (0ms)
			AwakeInstancesAfterBackupRestoration (8ms)
Platform modules already initialized, skipping
Validating Project structure ... 0.045730 seconds.
Shader import version has changed; will reimport all shaders...
Upgrading shader files ...0.040075 seconds.
Application.AssetDatabase Initial Script Refresh Start
RefreshInfo: InitialScriptRefreshV2(NoUpdateAssetOptions) scanfilter:  ... 1 filters
RefreshProfiler: Total: 0.000ms
Application.AssetDatabase Initial Script Refresh End
Application.AssetDatabase.Refresh Start
Application.AssetDatabase.Refresh End
RefreshInfo: StopAssetImportingV2(ForceSynchronousImport) scanfilter: 
RefreshProfiler: Total: 0.000ms
Launching external process: /Applications/Unity/Hub/Editor/2020.3.25f1/Unity.app/Contents/Tools/UnityShaderCompiler
Launched and connected shader compiler UnityShaderCompiler after 0.03 seconds
Initializing Unity extensions:
========================================================================
Worker process is ready to serve import requests
Refreshing native plugins compatible for Editor in 0.59 ms, found 2 plugins.
Preloading 0 native plugins for Editor in 0.00 ms.
Unloading 2386 Unused Serialized files (Serialized files now loaded: 0)
System memory in use before: 211.0 MB.
System memory in use after: 210.1 MB.

Unloading 164 unused Assets to reduce memory usage. Loaded Objects now: 2859.
Total: 9.839720 ms (FindLiveObjects: 0.205856 ms CreateObjectMapping: 0.100960 ms MarkObjects: 8.875448 ms  DeleteObjects: 0.655891 ms)

AssetImportParameters requested are different than current active one (requested -> active):
  custom:video-decoder-ogg-theora: a1e56fd34408186e4bbccfd4996cb3dc -> 
  custom:container-muxer-webm: aa71ff27fc2769a1b78a27578f13a17b -> 
  custom:container-demuxer-webm: 4f35f7cbe854078d1ac9338744f61a02 -> 
  custom:container-demuxer-ogg: 62fdf1f143b41e24485cea50d1cbac27 -> 
  custom:video-encoder-webm-vp8: eb34c28f22e8b96e1ab97ce403110664 -> 
  custom:framework-osx-AVFoundation: e770b220cccbd017edd2c1fefb359320 -> 
  custom:video-decoder-webm-vp8: 9c59270c3fd7afecdb556c50c9e8de78 -> 
  custom:audio-decoder-ogg-vorbis: bf7c407c2cedff20999df2af8eb42d56 -> 
  custom:audio-encoder-webm-vorbis: bf7c407c2cedff20999df2af8eb42d56 -> 
========================================================================
Received Import Request.
  path: Assets/Materials/blue_collectible.mat
  artifactKey: Guid(3f5bd2cc6894d48bda64423dc2522a6a) Importer(815301076,1909f56bfc062723c751e8b465ee728b)
Start importing Assets/Materials/blue_collectible.mat using Guid(3f5bd2cc6894d48bda64423dc2522a6a) Importer(815301076,1909f56bfc062723c751e8b465ee728b)  -> (artifact id: 'af721c838f16e390160461c31de97da6') in 1.496301 seconds 
  Import took 1.505103 seconds .

========================================================================
Received Import Request.
  Time since last request: 55.314028 seconds.
  path: Assets/Materials/green_collectible.mat
  artifactKey: Guid(9e6384501c9ca419ba87641e6f224e50) Importer(815301076,1909f56bfc062723c751e8b465ee728b)
Start importing Assets/Materials/green_collectible.mat using Guid(9e6384501c9ca419ba87641e6f224e50) Importer(815301076,1909f56bfc062723c751e8b465ee728b)  -> (artifact id: '64da370cfff5bd185c4dd003580df2a6') in 0.033786 seconds 
  Import took 0.047095 seconds .

========================================================================
Received Import Request.
  Time since last request: 185.972085 seconds.
  path: Assets/Materials/blue_collectible.mat
  artifactKey: Guid(3f5bd2cc6894d48bda64423dc2522a6a) Importer(815301076,1909f56bfc062723c751e8b465ee728b)
Start importing Assets/Materials/blue_collectible.mat using Guid(3f5bd2cc6894d48bda64423dc2522a6a) Importer(815301076,1909f56bfc062723c751e8b465ee728b)  -> (artifact id: '83f22229ee56300ab19968702a224d2a') in 0.012288 seconds 
  Import took 0.017356 seconds .

========================================================================
Received Import Request.
  Time since last request: 0.000282 seconds.
  path: Assets/Materials/green_collectible.mat
  artifactKey: Guid(9e6384501c9ca419ba87641e6f224e50) Importer(815301076,1909f56bfc062723c751e8b465ee728b)
Start importing Assets/Materials/green_collectible.mat using Guid(9e6384501c9ca419ba87641e6f224e50) Importer(815301076,1909f56bfc062723c751e8b465ee728b)  -> (artifact id: 'f8fbcbd9456ac3da4e8096eb0215b5f1') in 0.009116 seconds 
  Import took 0.014604 seconds .

